<?xml version="1.0" encoding="UTF-8"?>
<!-- Generated by org.testng.reporters.JUnitXMLReporter -->
<testsuite hostname="Lenovo-PC" ignored="0" name="Test" tests="3" failures="0" timestamp="2020-03-23T20:14:58 SGT" time="5.028" errors="0">
  <testcase name="checkUpdateApiTestCase" time="3.743" classname="qa.cimb.testCases.UpdateTaskTestCases"/>
  <testcase name="createNewProject" time="0.878" classname="qa.cimb.testCases.AddProjectTestCase"/>
  <testcase name="addTaskApiTest" time="0.361" classname="qa.cimb.testCases.AddTaskTestCase"/>
</testsuite> <!-- Test -->
