<?xml version="1.0" encoding="UTF-8"?>
<!-- Generated by org.testng.reporters.JUnitXMLReporter -->
<testsuite hostname="Lenovo-PC" ignored="0" name="Test" tests="7" failures="2" timestamp="23 Mar 2020 11:37:12 GMT" time="9.168" errors="0">
  <testcase name="checkUpdateApiTestCase" time="2.251" classname="qa.cimb.testCases.UpdateTaskTestCases">
    <skipped/>
  </testcase> <!-- checkUpdateApiTestCase -->
  <testcase name="checkUpdateApiTestCase" time="1.895" classname="qa.cimb.testCases.UpdateTaskTestCases">
    <skipped/>
  </testcase> <!-- checkUpdateApiTestCase -->
  <testcase name="checkUpdateApiTestCase" time="2.296" classname="qa.cimb.testCases.UpdateTaskTestCases">
    <failure type="java.lang.AssertionError" message="The following asserts failed:
	null">
      <![CDATA[java.lang.AssertionError: The following asserts failed:
null
at qa.cimb.testCases.UpdateTaskTestCases.checkUpdateApiTestCase(UpdateTaskTestCases.java:96)
... Removed 30 stack frames]]>
    </failure>
  </testcase> <!-- checkUpdateApiTestCase -->
  <testcase name="createNewProject" time="0.296" classname="qa.cimb.testCases.AddProjectTestCase">
    <skipped/>
  </testcase> <!-- createNewProject -->
  <testcase name="createNewProject" time="0.731" classname="qa.cimb.testCases.AddProjectTestCase">
    <skipped/>
  </testcase> <!-- createNewProject -->
  <testcase name="createNewProject" time="0.793" classname="qa.cimb.testCases.AddProjectTestCase">
    <failure type="org.json.JSONException" message="A JSONObject text must begin with &amp;apos;{&amp;apos; at character 1">
      <![CDATA[org.json.JSONException: A JSONObject text must begin with '{' at character 1
at org.json.JSONTokener.syntaxError(JSONTokener.java:410)
at org.json.JSONObject.<init>(JSONObject.java:179)
at org.json.JSONObject.<init>(JSONObject.java:402)
at qa.cimb.testCases.AddProjectTestCase.createNewProject(AddProjectTestCase.java:84)
... Removed 29 stack frames]]>
    </failure>
  </testcase> <!-- createNewProject -->
  <testcase name="addTaskApiTest" time="0.853" classname="qa.cimb.testCases.AddTaskTestCase"/>
</testsuite> <!-- Test -->
