<?xml version="1.0" encoding="UTF-8"?>
<testsuite xmlns:xsi="http://www.w3.org/2001/XMLSchema-instance" xsi:noNamespaceSchemaLocation="https://maven.apache.org/surefire/maven-surefire-plugin/xsd/surefire-test-report.xsd" name="TestSuite" time="11.313" tests="7" errors="0" skipped="4" failures="2">
  <properties>
[...]
</properties>
  <testcase name="checkUpdateApiTestCase" classname="qa.cimb.testCases.UpdateTaskTestCases" time="0">
    <skipped message="The following asserts failed:&#10;	null"/>
    <system-out><![CDATA[[TestNGContentHandler] [WARN] It is strongly recommended to add "<!DOCTYPE suite SYSTEM "http://testng.org/testng-1.0.dtd" >" at the top of your file, otherwise TestNG may fail or not work as expected.
TEST START NOW 
 [TestResult name=checkUpdateApiTestCase status=STARTED method=UpdateTaskTestCases.checkUpdateApiTestCase()[pri:0, instance:qa.cimb.testCases.UpdateTaskTestCases@6591f517] output={null}]
 YOUR TEST SKIPPED PLEASE TRY AGAIN 
 [TestResult name=checkUpdateApiTestCase status=SKIP method=UpdateTaskTestCases.checkUpdateApiTestCase()[pri:0, instance:qa.cimb.testCases.UpdateTaskTestCases@6591f517] output={null}]
]]></system-out>
  </testcase>
  <testcase name="checkUpdateApiTestCase" classname="qa.cimb.testCases.UpdateTaskTestCases" time="0">
    <skipped message="The following asserts failed:&#10;	null"/>
    <system-out><![CDATA[TEST START NOW 
 [TestResult name=checkUpdateApiTestCase status=STARTED method=UpdateTaskTestCases.checkUpdateApiTestCase()[pri:0, instance:qa.cimb.testCases.UpdateTaskTestCases@6591f517] output={null}]
 YOUR TEST SKIPPED PLEASE TRY AGAIN 
 [TestResult name=checkUpdateApiTestCase status=SKIP method=UpdateTaskTestCases.checkUpdateApiTestCase()[pri:0, instance:qa.cimb.testCases.UpdateTaskTestCases@6591f517] output={null}]
]]></system-out>
  </testcase>
  <testcase name="checkUpdateApiTestCase" classname="qa.cimb.testCases.UpdateTaskTestCases" time="2.301">
    <failure message="The following asserts failed:&#10;	null" type="java.lang.AssertionError">java.lang.AssertionError: 
The following asserts failed:
	null
	at qa.cimb.testCases.UpdateTaskTestCases.checkUpdateApiTestCase(UpdateTaskTestCases.java:96)
</failure>
    <system-out><![CDATA[TEST START NOW 
 [TestResult name=checkUpdateApiTestCase status=STARTED method=UpdateTaskTestCases.checkUpdateApiTestCase()[pri:0, instance:qa.cimb.testCases.UpdateTaskTestCases@6591f517] output={null}]
 TEST FAIL 
 [TestResult name=checkUpdateApiTestCase status=FAILURE method=UpdateTaskTestCases.checkUpdateApiTestCase()[pri:0, instance:qa.cimb.testCases.UpdateTaskTestCases@6591f517] output={null}]
]]></system-out>
  </testcase>
  <testcase name="createNewProject" classname="qa.cimb.testCases.AddProjectTestCase" time="0">
    <skipped message="A JSONObject text must begin with &apos;{&apos; at character 1"/>
    <system-out><![CDATA[TEST START NOW 
 [TestResult name=createNewProject status=STARTED method=AddProjectTestCase.createNewProject()[pri:0, instance:qa.cimb.testCases.AddProjectTestCase@345965f2] output={null}]
Maximum number of projects per user limit reached

 YOUR TEST SKIPPED PLEASE TRY AGAIN 
 [TestResult name=createNewProject status=SKIP method=AddProjectTestCase.createNewProject()[pri:0, instance:qa.cimb.testCases.AddProjectTestCase@345965f2] output={null}]
]]></system-out>
  </testcase>
  <testcase name="createNewProject" classname="qa.cimb.testCases.AddProjectTestCase" time="0">
    <skipped message="A JSONObject text must begin with &apos;{&apos; at character 1"/>
    <system-out><![CDATA[TEST START NOW 
 [TestResult name=createNewProject status=STARTED method=AddProjectTestCase.createNewProject()[pri:0, instance:qa.cimb.testCases.AddProjectTestCase@345965f2] output={null}]
Maximum number of projects per user limit reached

 YOUR TEST SKIPPED PLEASE TRY AGAIN 
 [TestResult name=createNewProject status=SKIP method=AddProjectTestCase.createNewProject()[pri:0, instance:qa.cimb.testCases.AddProjectTestCase@345965f2] output={null}]
]]></system-out>
  </testcase>
  <testcase name="createNewProject" classname="qa.cimb.testCases.AddProjectTestCase" time="0.795">
    <failure message="A JSONObject text must begin with &apos;{&apos; at character 1" type="org.json.JSONException">org.json.JSONException: A JSONObject text must begin with '{' at character 1
	at qa.cimb.testCases.AddProjectTestCase.createNewProject(AddProjectTestCase.java:84)
</failure>
    <system-out><![CDATA[TEST START NOW 
 [TestResult name=createNewProject status=STARTED method=AddProjectTestCase.createNewProject()[pri:0, instance:qa.cimb.testCases.AddProjectTestCase@345965f2] output={null}]
Maximum number of projects per user limit reached

 TEST FAIL 
 [TestResult name=createNewProject status=FAILURE method=AddProjectTestCase.createNewProject()[pri:0, instance:qa.cimb.testCases.AddProjectTestCase@345965f2] output={null}]
]]></system-out>
  </testcase>
  <testcase name="addTaskApiTest" classname="qa.cimb.testCases.AddTaskTestCase" time="0.852"/>
</testsuite>